[09-04 03:03:51]: [INFO] SQLite Setup finished
[09-04 03:03:51]: [INFO] Hooked into LuckPerms!
[09-04 03:03:52]: [WARN] WARNING! The protectInventory feature requires ProtocolLib! Disabling it...
[09-04 03:03:52]: [INFO] AuthMe 5.6.0-beta2 build n.2453 successfully enabled!
[09-04 03:03:52]: [INFO] Downloading GEO IP database, because the old database is older than 30 days or doesn't exist
[09-04 03:03:52]: [WARN] No MaxMind credentials found in the configuration file! GeoIp protections will be disabled.
[09-04 03:03:52]: [INFO] There is no newer GEO IP database uploaded to MaxMind. Using the old one for now.
[09-04 03:03:52]: [WARN] Could not download GeoLiteAPI database [FileNotFoundException]: plugins/AuthMe/GeoLite2-Country.mmdb (No such file or directory)
[09-04 03:03:52]: java.io.FileNotFoundException: plugins/AuthMe/GeoLite2-Country.mmdb (No such file or directory)
	at java.io.RandomAccessFile.open0(Native Method)
	at java.io.RandomAccessFile.open(RandomAccessFile.java:316)
	at java.io.RandomAccessFile.<init>(RandomAccessFile.java:243)
	at fr.xephi.authme.libs.com.maxmind.db.BufferHolder.<init>(BufferHolder.java:20)
	at fr.xephi.authme.libs.com.maxmind.db.Reader.<init>(Reader.java:121)
	at fr.xephi.authme.service.GeoIpService.startReading(GeoIpService.java:173)
	at fr.xephi.authme.service.GeoIpService.updateDatabase(GeoIpService.java:144)
	at org.bukkit.craftbukkit.v1_16_R3.scheduler.CraftTask.run(CraftTask.java:100)
	at org.bukkit.craftbukkit.v1_16_R3.scheduler.CraftAsyncTask.run(CraftAsyncTask.java:54)
	at com.destroystokyo.paper.ServerSchedulerReportingWrapper.run(ServerSchedulerReportingWrapper.java:22)
	at java.util.concurrent.ThreadPoolExecutor.runWorker(ThreadPoolExecutor.java:1149)
	at java.util.concurrent.ThreadPoolExecutor$Worker.run(ThreadPoolExecutor.java:624)
	at java.lang.Thread.run(Thread.java:748)

[09-04 03:16:02]: [FINE] Defeaded registered 95.128.138.35
[09-04 03:16:02]: [FINE] Defeaded logged in 95.128.138.35
[09-04 03:49:40]: [INFO] AuthMe 5.6.0-beta2-b2453 disabled!
[09-04 03:52:48]: [INFO] SQLite Setup finished
[09-04 03:52:48]: [INFO] Hooked into LuckPerms!
[09-04 03:52:49]: [WARN] WARNING! The protectInventory feature requires ProtocolLib! Disabling it...
[09-04 03:52:49]: [INFO] AuthMe 5.6.0-beta2 build n.2453 successfully enabled!
[09-04 03:52:51]: [INFO] Downloading GEO IP database, because the old database is older than 30 days or doesn't exist
[09-04 03:52:51]: [WARN] No MaxMind credentials found in the configuration file! GeoIp protections will be disabled.
[09-04 03:52:51]: [INFO] There is no newer GEO IP database uploaded to MaxMind. Using the old one for now.
[09-04 03:52:51]: [WARN] Could not download GeoLiteAPI database [FileNotFoundException]: plugins/AuthMe/GeoLite2-Country.mmdb (No such file or directory)
[09-04 03:52:51]: java.io.FileNotFoundException: plugins/AuthMe/GeoLite2-Country.mmdb (No such file or directory)
	at java.io.RandomAccessFile.open0(Native Method)
	at java.io.RandomAccessFile.open(RandomAccessFile.java:316)
	at java.io.RandomAccessFile.<init>(RandomAccessFile.java:243)
	at fr.xephi.authme.libs.com.maxmind.db.BufferHolder.<init>(BufferHolder.java:20)
	at fr.xephi.authme.libs.com.maxmind.db.Reader.<init>(Reader.java:121)
	at fr.xephi.authme.service.GeoIpService.startReading(GeoIpService.java:173)
	at fr.xephi.authme.service.GeoIpService.updateDatabase(GeoIpService.java:144)
	at org.bukkit.craftbukkit.v1_16_R3.scheduler.CraftTask.run(CraftTask.java:100)
	at org.bukkit.craftbukkit.v1_16_R3.scheduler.CraftAsyncTask.run(CraftAsyncTask.java:54)
	at com.destroystokyo.paper.ServerSchedulerReportingWrapper.run(ServerSchedulerReportingWrapper.java:22)
	at java.util.concurrent.ThreadPoolExecutor.runWorker(ThreadPoolExecutor.java:1149)
	at java.util.concurrent.ThreadPoolExecutor$Worker.run(ThreadPoolExecutor.java:624)
	at java.lang.Thread.run(Thread.java:748)

[09-04 04:04:19]: [INFO] AuthMe 5.6.0-beta2-b2453 disabled!
[09-04 04:05:16]: [INFO] SQLite Setup finished
[09-04 04:05:16]: [INFO] Hooked into LuckPerms!
[09-04 04:05:16]: [WARN] WARNING! The protectInventory feature requires ProtocolLib! Disabling it...
[09-04 04:05:17]: [INFO] AuthMe 5.6.0-beta2 build n.2453 successfully enabled!
[09-04 04:05:17]: [INFO] Downloading GEO IP database, because the old database is older than 30 days or doesn't exist
[09-04 04:05:17]: [WARN] No MaxMind credentials found in the configuration file! GeoIp protections will be disabled.
[09-04 04:05:17]: [INFO] There is no newer GEO IP database uploaded to MaxMind. Using the old one for now.
[09-04 04:05:17]: [WARN] Could not download GeoLiteAPI database [FileNotFoundException]: plugins/AuthMe/GeoLite2-Country.mmdb (No such file or directory)
[09-04 04:05:17]: java.io.FileNotFoundException: plugins/AuthMe/GeoLite2-Country.mmdb (No such file or directory)
	at java.io.RandomAccessFile.open0(Native Method)
	at java.io.RandomAccessFile.open(RandomAccessFile.java:316)
	at java.io.RandomAccessFile.<init>(RandomAccessFile.java:243)
	at fr.xephi.authme.libs.com.maxmind.db.BufferHolder.<init>(BufferHolder.java:20)
	at fr.xephi.authme.libs.com.maxmind.db.Reader.<init>(Reader.java:121)
	at fr.xephi.authme.service.GeoIpService.startReading(GeoIpService.java:173)
	at fr.xephi.authme.service.GeoIpService.updateDatabase(GeoIpService.java:144)
	at org.bukkit.craftbukkit.v1_16_R3.scheduler.CraftTask.run(CraftTask.java:100)
	at org.bukkit.craftbukkit.v1_16_R3.scheduler.CraftAsyncTask.run(CraftAsyncTask.java:54)
	at com.destroystokyo.paper.ServerSchedulerReportingWrapper.run(ServerSchedulerReportingWrapper.java:22)
	at java.util.concurrent.ThreadPoolExecutor.runWorker(ThreadPoolExecutor.java:1149)
	at java.util.concurrent.ThreadPoolExecutor$Worker.run(ThreadPoolExecutor.java:624)
	at java.lang.Thread.run(Thread.java:748)

[09-04 04:05:17]: [INFO] AuthMe 5.6.0-beta2-b2453 disabled!
[09-04 04:07:10]: [INFO] SQLite Setup finished
[09-04 04:07:11]: [INFO] Hooked into LuckPerms!
[09-04 04:07:11]: [WARN] WARNING! The protectInventory feature requires ProtocolLib! Disabling it...
[09-04 04:07:11]: [INFO] AuthMe 5.6.0-beta2 build n.2453 successfully enabled!
[09-04 04:07:12]: [INFO] Downloading GEO IP database, because the old database is older than 30 days or doesn't exist
[09-04 04:07:12]: [WARN] No MaxMind credentials found in the configuration file! GeoIp protections will be disabled.
[09-04 04:07:12]: [INFO] There is no newer GEO IP database uploaded to MaxMind. Using the old one for now.
[09-04 04:07:12]: [WARN] Could not download GeoLiteAPI database [FileNotFoundException]: plugins/AuthMe/GeoLite2-Country.mmdb (No such file or directory)
[09-04 04:07:12]: java.io.FileNotFoundException: plugins/AuthMe/GeoLite2-Country.mmdb (No such file or directory)
	at java.io.RandomAccessFile.open0(Native Method)
	at java.io.RandomAccessFile.open(RandomAccessFile.java:316)
	at java.io.RandomAccessFile.<init>(RandomAccessFile.java:243)
	at fr.xephi.authme.libs.com.maxmind.db.BufferHolder.<init>(BufferHolder.java:20)
	at fr.xephi.authme.libs.com.maxmind.db.Reader.<init>(Reader.java:121)
	at fr.xephi.authme.service.GeoIpService.startReading(GeoIpService.java:173)
	at fr.xephi.authme.service.GeoIpService.updateDatabase(GeoIpService.java:144)
	at org.bukkit.craftbukkit.v1_16_R3.scheduler.CraftTask.run(CraftTask.java:100)
	at org.bukkit.craftbukkit.v1_16_R3.scheduler.CraftAsyncTask.run(CraftAsyncTask.java:54)
	at com.destroystokyo.paper.ServerSchedulerReportingWrapper.run(ServerSchedulerReportingWrapper.java:22)
	at java.util.concurrent.ThreadPoolExecutor.runWorker(ThreadPoolExecutor.java:1149)
	at java.util.concurrent.ThreadPoolExecutor$Worker.run(ThreadPoolExecutor.java:624)
	at java.lang.Thread.run(Thread.java:748)

[09-04 04:08:05]: [FINE] Defeaded used the wrong password
[09-04 04:08:17]: [FINE] Defeaded logged in 95.128.138.35
[09-04 04:21:32]: [FINE] Defeaded logged in 95.128.138.35
[09-04 04:23:06]: [INFO] AuthMe 5.6.0-beta2-b2453 disabled!
[09-04 04:27:16]: [INFO] SQLite Setup finished
[09-04 04:27:16]: [INFO] Hooked into LuckPerms!
[09-04 04:27:16]: [WARN] WARNING! The protectInventory feature requires ProtocolLib! Disabling it...
[09-04 04:27:16]: [INFO] AuthMe 5.6.0-beta2 build n.2453 successfully enabled!
[09-04 04:27:17]: [INFO] Downloading GEO IP database, because the old database is older than 30 days or doesn't exist
[09-04 04:27:17]: [WARN] No MaxMind credentials found in the configuration file! GeoIp protections will be disabled.
[09-04 04:27:17]: [INFO] There is no newer GEO IP database uploaded to MaxMind. Using the old one for now.
[09-04 04:27:17]: [WARN] Could not download GeoLiteAPI database [FileNotFoundException]: plugins/AuthMe/GeoLite2-Country.mmdb (No such file or directory)
[09-04 04:27:17]: java.io.FileNotFoundException: plugins/AuthMe/GeoLite2-Country.mmdb (No such file or directory)
	at java.io.RandomAccessFile.open0(Native Method)
	at java.io.RandomAccessFile.open(RandomAccessFile.java:316)
	at java.io.RandomAccessFile.<init>(RandomAccessFile.java:243)
	at fr.xephi.authme.libs.com.maxmind.db.BufferHolder.<init>(BufferHolder.java:20)
	at fr.xephi.authme.libs.com.maxmind.db.Reader.<init>(Reader.java:121)
	at fr.xephi.authme.service.GeoIpService.startReading(GeoIpService.java:173)
	at fr.xephi.authme.service.GeoIpService.updateDatabase(GeoIpService.java:144)
	at org.bukkit.craftbukkit.v1_16_R3.scheduler.CraftTask.run(CraftTask.java:100)
	at org.bukkit.craftbukkit.v1_16_R3.scheduler.CraftAsyncTask.run(CraftAsyncTask.java:54)
	at com.destroystokyo.paper.ServerSchedulerReportingWrapper.run(ServerSchedulerReportingWrapper.java:22)
	at java.util.concurrent.ThreadPoolExecutor.runWorker(ThreadPoolExecutor.java:1149)
	at java.util.concurrent.ThreadPoolExecutor$Worker.run(ThreadPoolExecutor.java:624)
	at java.lang.Thread.run(Thread.java:748)

[09-04 04:29:17]: [FINE] Defeaded logged in 95.128.138.35
[09-04 04:33:51]: [FINE] Defeaded logged in 95.128.138.35
[09-04 04:34:08]: [INFO] AuthMe 5.6.0-beta2-b2453 disabled!
[09-04 04:34:34]: [INFO] SQLite Setup finished
[09-04 04:34:34]: [INFO] Hooked into LuckPerms!
[09-04 04:34:34]: [WARN] WARNING! The protectInventory feature requires ProtocolLib! Disabling it...
[09-04 04:34:34]: [INFO] AuthMe 5.6.0-beta2 build n.2453 successfully enabled!
[09-04 04:34:35]: [INFO] Downloading GEO IP database, because the old database is older than 30 days or doesn't exist
[09-04 04:34:35]: [WARN] No MaxMind credentials found in the configuration file! GeoIp protections will be disabled.
[09-04 04:34:35]: [INFO] There is no newer GEO IP database uploaded to MaxMind. Using the old one for now.
[09-04 04:34:35]: [WARN] Could not download GeoLiteAPI database [FileNotFoundException]: plugins/AuthMe/GeoLite2-Country.mmdb (No such file or directory)
[09-04 04:34:35]: java.io.FileNotFoundException: plugins/AuthMe/GeoLite2-Country.mmdb (No such file or directory)
	at java.io.RandomAccessFile.open0(Native Method)
	at java.io.RandomAccessFile.open(RandomAccessFile.java:316)
	at java.io.RandomAccessFile.<init>(RandomAccessFile.java:243)
	at fr.xephi.authme.libs.com.maxmind.db.BufferHolder.<init>(BufferHolder.java:20)
	at fr.xephi.authme.libs.com.maxmind.db.Reader.<init>(Reader.java:121)
	at fr.xephi.authme.service.GeoIpService.startReading(GeoIpService.java:173)
	at fr.xephi.authme.service.GeoIpService.updateDatabase(GeoIpService.java:144)
	at org.bukkit.craftbukkit.v1_16_R3.scheduler.CraftTask.run(CraftTask.java:100)
	at org.bukkit.craftbukkit.v1_16_R3.scheduler.CraftAsyncTask.run(CraftAsyncTask.java:54)
	at com.destroystokyo.paper.ServerSchedulerReportingWrapper.run(ServerSchedulerReportingWrapper.java:22)
	at java.util.concurrent.ThreadPoolExecutor.runWorker(ThreadPoolExecutor.java:1149)
	at java.util.concurrent.ThreadPoolExecutor$Worker.run(ThreadPoolExecutor.java:624)
	at java.lang.Thread.run(Thread.java:748)

[09-04 04:34:48]: [FINE] Defeaded logged in 95.128.138.35
[09-04 04:36:47]: [FINE] Defeaded logged in 95.128.138.35
[09-04 04:41:50]: [INFO] AuthMe 5.6.0-beta2-b2453 disabled!
[09-04 04:43:07]: [INFO] SQLite Setup finished
[09-04 04:43:07]: [INFO] Hooked into LuckPerms!
[09-04 04:43:07]: [WARN] WARNING! The protectInventory feature requires ProtocolLib! Disabling it...
[09-04 04:43:08]: [INFO] AuthMe 5.6.0-beta2 build n.2453 successfully enabled!
[09-04 04:43:08]: [INFO] Downloading GEO IP database, because the old database is older than 30 days or doesn't exist
[09-04 04:43:08]: [WARN] No MaxMind credentials found in the configuration file! GeoIp protections will be disabled.
[09-04 04:43:08]: [INFO] There is no newer GEO IP database uploaded to MaxMind. Using the old one for now.
[09-04 04:43:08]: [WARN] Could not download GeoLiteAPI database [FileNotFoundException]: plugins/AuthMe/GeoLite2-Country.mmdb (No such file or directory)
[09-04 04:43:08]: java.io.FileNotFoundException: plugins/AuthMe/GeoLite2-Country.mmdb (No such file or directory)
	at java.io.RandomAccessFile.open0(Native Method)
	at java.io.RandomAccessFile.open(RandomAccessFile.java:316)
	at java.io.RandomAccessFile.<init>(RandomAccessFile.java:243)
	at fr.xephi.authme.libs.com.maxmind.db.BufferHolder.<init>(BufferHolder.java:20)
	at fr.xephi.authme.libs.com.maxmind.db.Reader.<init>(Reader.java:121)
	at fr.xephi.authme.service.GeoIpService.startReading(GeoIpService.java:173)
	at fr.xephi.authme.service.GeoIpService.updateDatabase(GeoIpService.java:144)
	at org.bukkit.craftbukkit.v1_16_R3.scheduler.CraftTask.run(CraftTask.java:100)
	at org.bukkit.craftbukkit.v1_16_R3.scheduler.CraftAsyncTask.run(CraftAsyncTask.java:54)
	at com.destroystokyo.paper.ServerSchedulerReportingWrapper.run(ServerSchedulerReportingWrapper.java:22)
	at java.util.concurrent.ThreadPoolExecutor.runWorker(ThreadPoolExecutor.java:1149)
	at java.util.concurrent.ThreadPoolExecutor$Worker.run(ThreadPoolExecutor.java:624)
	at java.lang.Thread.run(Thread.java:748)

[09-04 04:45:22]: [FINE] Defeaded logged in 95.128.138.35
[09-04 04:51:44]: [INFO] AuthMe 5.6.0-beta2-b2453 disabled!
